{"/Users/matheus/Library/Mobile Documents/com~apple~CloudDocs/PUC/Aplicações para Sustentabilidade/plf-es-2023-1-ti4-0658100-classificador-de-doencas-periodontais/Codigo/backend/src/modules/Database.ts": {"path":"/Users/matheus/Library/Mobile Documents/com~apple~CloudDocs/PUC/Aplicações para Sustentabilidade/plf-es-2023-1-ti4-0658100-classificador-de-doencas-periodontais/Codigo/backend/src/modules/Database.ts","statementMap":{"0":{"start":{"line":2,"column":0},"end":{"line":2,"column":62}},"1":{"start":{"line":3,"column":0},"end":{"line":3,"column":25}},"2":{"start":{"line":4,"column":16},"end":{"line":4,"column":32}},"3":{"start":{"line":5,"column":25},"end":{"line":5,"column":59}},"4":{"start":{"line":6,"column":16},"end":{"line":6,"column":34}},"5":{"start":{"line":10,"column":8},"end":{"line":21,"column":9}},"6":{"start":{"line":11,"column":12},"end":{"line":11,"column":39}},"7":{"start":{"line":14,"column":12},"end":{"line":20,"column":15}},"8":{"start":{"line":24,"column":8},"end":{"line":37,"column":9}},"9":{"start":{"line":25,"column":12},"end":{"line":26,"column":75}},"10":{"start":{"line":26,"column":16},"end":{"line":26,"column":75}},"11":{"start":{"line":27,"column":12},"end":{"line":33,"column":15}},"12":{"start":{"line":28,"column":16},"end":{"line":32,"column":19}},"13":{"start":{"line":29,"column":20},"end":{"line":30,"column":36}},"14":{"start":{"line":30,"column":24},"end":{"line":30,"column":36}},"15":{"start":{"line":31,"column":20},"end":{"line":31,"column":37}},"16":{"start":{"line":36,"column":12},"end":{"line":36,"column":48}},"17":{"start":{"line":40,"column":8},"end":{"line":52,"column":9}},"18":{"start":{"line":41,"column":24},"end":{"line":41,"column":57}},"19":{"start":{"line":42,"column":12},"end":{"line":42,"column":44}},"20":{"start":{"line":43,"column":12},"end":{"line":43,"column":85}},"21":{"start":{"line":44,"column":12},"end":{"line":44,"column":73}},"22":{"start":{"line":45,"column":12},"end":{"line":45,"column":74}},"23":{"start":{"line":46,"column":12},"end":{"line":46,"column":25}},"24":{"start":{"line":47,"column":12},"end":{"line":47,"column":25}},"25":{"start":{"line":50,"column":12},"end":{"line":50,"column":31}},"26":{"start":{"line":51,"column":12},"end":{"line":51,"column":24}},"27":{"start":{"line":55,"column":8},"end":{"line":65,"column":9}},"28":{"start":{"line":58,"column":16},"end":{"line":58,"column":40}},"29":{"start":{"line":60,"column":16},"end":{"line":60,"column":38}},"30":{"start":{"line":62,"column":16},"end":{"line":62,"column":33}},"31":{"start":{"line":64,"column":16},"end":{"line":64,"column":38}},"32":{"start":{"line":68,"column":8},"end":{"line":100,"column":9}},"33":{"start":{"line":69,"column":24},"end":{"line":69,"column":26}},"34":{"start":{"line":70,"column":12},"end":{"line":96,"column":13}},"35":{"start":{"line":72,"column":20},"end":{"line":72,"column":67}},"36":{"start":{"line":73,"column":20},"end":{"line":73,"column":33}},"37":{"start":{"line":74,"column":20},"end":{"line":74,"column":48}},"38":{"start":{"line":75,"column":20},"end":{"line":75,"column":42}},"39":{"start":{"line":76,"column":20},"end":{"line":76,"column":95}},"40":{"start":{"line":76,"column":49},"end":{"line":76,"column":82}},"41":{"start":{"line":77,"column":20},"end":{"line":77,"column":33}},"42":{"start":{"line":78,"column":20},"end":{"line":78,"column":33}},"43":{"start":{"line":80,"column":20},"end":{"line":80,"column":67}},"44":{"start":{"line":81,"column":20},"end":{"line":81,"column":36}},"45":{"start":{"line":82,"column":20},"end":{"line":90,"column":21}},"46":{"start":{"line":82,"column":33},"end":{"line":82,"column":34}},"47":{"start":{"line":83,"column":24},"end":{"line":83,"column":85}},"48":{"start":{"line":84,"column":24},"end":{"line":89,"column":25}},"49":{"start":{"line":85,"column":28},"end":{"line":85,"column":42}},"50":{"start":{"line":88,"column":28},"end":{"line":88,"column":41}},"51":{"start":{"line":91,"column":20},"end":{"line":91,"column":33}},"52":{"start":{"line":95,"column":20},"end":{"line":95,"column":33}},"53":{"start":{"line":99,"column":12},"end":{"line":99,"column":24}},"54":{"start":{"line":103,"column":8},"end":{"line":107,"column":9}},"55":{"start":{"line":106,"column":12},"end":{"line":106,"column":89}},"56":{"start":{"line":108,"column":8},"end":{"line":108,"column":20}},"57":{"start":{"line":111,"column":8},"end":{"line":130,"column":9}},"58":{"start":{"line":112,"column":24},"end":{"line":112,"column":26}},"59":{"start":{"line":113,"column":12},"end":{"line":126,"column":13}},"60":{"start":{"line":115,"column":20},"end":{"line":115,"column":61}},"61":{"start":{"line":116,"column":20},"end":{"line":116,"column":33}},"62":{"start":{"line":118,"column":20},"end":{"line":118,"column":61}},"63":{"start":{"line":119,"column":20},"end":{"line":119,"column":33}},"64":{"start":{"line":121,"column":20},"end":{"line":121,"column":61}},"65":{"start":{"line":122,"column":20},"end":{"line":122,"column":33}},"66":{"start":{"line":125,"column":20},"end":{"line":125,"column":33}},"67":{"start":{"line":129,"column":12},"end":{"line":129,"column":24}},"68":{"start":{"line":133,"column":21},"end":{"line":133,"column":41}},"69":{"start":{"line":134,"column":20},"end":{"line":134,"column":28}},"70":{"start":{"line":135,"column":8},"end":{"line":144,"column":9}},"71":{"start":{"line":135,"column":21},"end":{"line":135,"column":22}},"72":{"start":{"line":136,"column":22},"end":{"line":136,"column":29}},"73":{"start":{"line":137,"column":12},"end":{"line":137,"column":48}},"74":{"start":{"line":138,"column":12},"end":{"line":143,"column":13}},"75":{"start":{"line":139,"column":16},"end":{"line":139,"column":33}},"76":{"start":{"line":142,"column":16},"end":{"line":142,"column":28}},"77":{"start":{"line":145,"column":8},"end":{"line":145,"column":21}},"78":{"start":{"line":148,"column":8},"end":{"line":165,"column":9}},"79":{"start":{"line":149,"column":24},"end":{"line":149,"column":26}},"80":{"start":{"line":150,"column":12},"end":{"line":161,"column":13}},"81":{"start":{"line":152,"column":20},"end":{"line":154,"column":21}},"82":{"start":{"line":153,"column":24},"end":{"line":153,"column":67}},"83":{"start":{"line":155,"column":20},"end":{"line":155,"column":33}},"84":{"start":{"line":160,"column":20},"end":{"line":160,"column":33}},"85":{"start":{"line":164,"column":12},"end":{"line":164,"column":24}},"86":{"start":{"line":168,"column":0},"end":{"line":168,"column":27}}},"fnMap":{"0":{"name":"(anonymous_0)","decl":{"start":{"line":9,"column":4},"end":{"line":9,"column":5}},"loc":{"start":{"line":9,"column":39},"end":{"line":22,"column":5}},"line":9},"1":{"name":"(anonymous_1)","decl":{"start":{"line":23,"column":4},"end":{"line":23,"column":5}},"loc":{"start":{"line":23,"column":44},"end":{"line":38,"column":5}},"line":23},"2":{"name":"(anonymous_2)","decl":{"start":{"line":27,"column":31},"end":{"line":27,"column":32}},"loc":{"start":{"line":27,"column":52},"end":{"line":33,"column":13}},"line":27},"3":{"name":"(anonymous_3)","decl":{"start":{"line":28,"column":48},"end":{"line":28,"column":49}},"loc":{"start":{"line":28,"column":66},"end":{"line":32,"column":17}},"line":28},"4":{"name":"(anonymous_4)","decl":{"start":{"line":39,"column":4},"end":{"line":39,"column":5}},"loc":{"start":{"line":39,"column":30},"end":{"line":53,"column":5}},"line":39},"5":{"name":"(anonymous_5)","decl":{"start":{"line":54,"column":4},"end":{"line":54,"column":5}},"loc":{"start":{"line":54,"column":33},"end":{"line":66,"column":5}},"line":54},"6":{"name":"(anonymous_6)","decl":{"start":{"line":67,"column":4},"end":{"line":67,"column":5}},"loc":{"start":{"line":67,"column":49},"end":{"line":101,"column":5}},"line":67},"7":{"name":"(anonymous_7)","decl":{"start":{"line":76,"column":40},"end":{"line":76,"column":41}},"loc":{"start":{"line":76,"column":49},"end":{"line":76,"column":82}},"line":76},"8":{"name":"(anonymous_8)","decl":{"start":{"line":102,"column":4},"end":{"line":102,"column":5}},"loc":{"start":{"line":102,"column":53},"end":{"line":109,"column":5}},"line":102},"9":{"name":"(anonymous_9)","decl":{"start":{"line":110,"column":4},"end":{"line":110,"column":5}},"loc":{"start":{"line":110,"column":44},"end":{"line":131,"column":5}},"line":110},"10":{"name":"(anonymous_10)","decl":{"start":{"line":132,"column":4},"end":{"line":132,"column":5}},"loc":{"start":{"line":132,"column":38},"end":{"line":146,"column":5}},"line":132},"11":{"name":"(anonymous_11)","decl":{"start":{"line":147,"column":4},"end":{"line":147,"column":5}},"loc":{"start":{"line":147,"column":45},"end":{"line":166,"column":5}},"line":147}},"branchMap":{"0":{"loc":{"start":{"line":9,"column":24},"end":{"line":9,"column":37}},"type":"default-arg","locations":[{"start":{"line":9,"column":33},"end":{"line":9,"column":37}}],"line":9},"1":{"loc":{"start":{"line":10,"column":8},"end":{"line":21,"column":9}},"type":"if","locations":[{"start":{"line":10,"column":8},"end":{"line":21,"column":9}},{"start":{"line":13,"column":13},"end":{"line":21,"column":9}}],"line":10},"2":{"loc":{"start":{"line":23,"column":31},"end":{"line":23,"column":42}},"type":"default-arg","locations":[{"start":{"line":23,"column":40},"end":{"line":23,"column":42}}],"line":23},"3":{"loc":{"start":{"line":25,"column":12},"end":{"line":26,"column":75}},"type":"if","locations":[{"start":{"line":25,"column":12},"end":{"line":26,"column":75}},{"start":{},"end":{}}],"line":25},"4":{"loc":{"start":{"line":29,"column":20},"end":{"line":30,"column":36}},"type":"if","locations":[{"start":{"line":29,"column":20},"end":{"line":30,"column":36}},{"start":{},"end":{}}],"line":29},"5":{"loc":{"start":{"line":55,"column":8},"end":{"line":65,"column":9}},"type":"switch","locations":[{"start":{"line":56,"column":12},"end":{"line":56,"column":20}},{"start":{"line":57,"column":12},"end":{"line":58,"column":40}},{"start":{"line":59,"column":12},"end":{"line":60,"column":38}},{"start":{"line":61,"column":12},"end":{"line":62,"column":33}},{"start":{"line":63,"column":12},"end":{"line":64,"column":38}}],"line":55},"6":{"loc":{"start":{"line":70,"column":12},"end":{"line":96,"column":13}},"type":"switch","locations":[{"start":{"line":71,"column":16},"end":{"line":78,"column":33}},{"start":{"line":79,"column":16},"end":{"line":91,"column":33}},{"start":{"line":92,"column":16},"end":{"line":92,"column":24}},{"start":{"line":93,"column":16},"end":{"line":93,"column":56}},{"start":{"line":94,"column":16},"end":{"line":95,"column":33}}],"line":70},"7":{"loc":{"start":{"line":84,"column":24},"end":{"line":89,"column":25}},"type":"if","locations":[{"start":{"line":84,"column":24},"end":{"line":89,"column":25}},{"start":{"line":87,"column":29},"end":{"line":89,"column":25}}],"line":84},"8":{"loc":{"start":{"line":103,"column":8},"end":{"line":107,"column":9}},"type":"if","locations":[{"start":{"line":103,"column":8},"end":{"line":107,"column":9}},{"start":{},"end":{}}],"line":103},"9":{"loc":{"start":{"line":103,"column":12},"end":{"line":105,"column":44}},"type":"binary-expr","locations":[{"start":{"line":103,"column":12},"end":{"line":103,"column":20}},{"start":{"line":104,"column":12},"end":{"line":104,"column":19}},{"start":{"line":105,"column":12},"end":{"line":105,"column":44}}],"line":103},"10":{"loc":{"start":{"line":113,"column":12},"end":{"line":126,"column":13}},"type":"switch","locations":[{"start":{"line":114,"column":16},"end":{"line":116,"column":33}},{"start":{"line":117,"column":16},"end":{"line":119,"column":33}},{"start":{"line":120,"column":16},"end":{"line":122,"column":33}},{"start":{"line":123,"column":16},"end":{"line":123,"column":24}},{"start":{"line":124,"column":16},"end":{"line":125,"column":33}}],"line":113},"11":{"loc":{"start":{"line":138,"column":12},"end":{"line":143,"column":13}},"type":"if","locations":[{"start":{"line":138,"column":12},"end":{"line":143,"column":13}},{"start":{"line":141,"column":17},"end":{"line":143,"column":13}}],"line":138},"12":{"loc":{"start":{"line":150,"column":12},"end":{"line":161,"column":13}},"type":"switch","locations":[{"start":{"line":151,"column":16},"end":{"line":155,"column":33}},{"start":{"line":156,"column":16},"end":{"line":156,"column":24}},{"start":{"line":157,"column":16},"end":{"line":157,"column":56}},{"start":{"line":158,"column":16},"end":{"line":158,"column":56}},{"start":{"line":159,"column":16},"end":{"line":160,"column":33}}],"line":150},"13":{"loc":{"start":{"line":152,"column":20},"end":{"line":154,"column":21}},"type":"if","locations":[{"start":{"line":152,"column":20},"end":{"line":154,"column":21}},{"start":{},"end":{}}],"line":152}},"s":{"0":1,"1":1,"2":1,"3":1,"4":1,"5":1,"6":1,"7":0,"8":4,"9":4,"10":0,"11":4,"12":4,"13":4,"14":0,"15":4,"16":0,"17":0,"18":0,"19":0,"20":0,"21":0,"22":0,"23":0,"24":0,"25":0,"26":0,"27":0,"28":0,"29":0,"30":0,"31":0,"32":0,"33":0,"34":0,"35":0,"36":0,"37":0,"38":0,"39":0,"40":0,"41":0,"42":0,"43":0,"44":0,"45":0,"46":0,"47":0,"48":0,"49":0,"50":0,"51":0,"52":0,"53":0,"54":0,"55":0,"56":0,"57":0,"58":0,"59":0,"60":0,"61":0,"62":0,"63":0,"64":0,"65":0,"66":0,"67":0,"68":0,"69":0,"70":0,"71":0,"72":0,"73":0,"74":0,"75":0,"76":0,"77":0,"78":0,"79":0,"80":0,"81":0,"82":0,"83":0,"84":0,"85":0,"86":1},"f":{"0":1,"1":4,"2":4,"3":4,"4":0,"5":0,"6":0,"7":0,"8":0,"9":0,"10":0,"11":0},"b":{"0":[0],"1":[1,0],"2":[4],"3":[0,4],"4":[0,4],"5":[0,0,0,0,0],"6":[0,0,0,0,0],"7":[0,0],"8":[0,0],"9":[0,0,0],"10":[0,0,0,0,0],"11":[0,0],"12":[0,0,0,0,0],"13":[0,0]},"_coverageSchema":"1a1c01bbd47fc00a2c39e90264f33305004495a9","hash":"59d9aa97001f68f116f3c2222a5439580db5065c"}
,"/Users/matheus/Library/Mobile Documents/com~apple~CloudDocs/PUC/Aplicações para Sustentabilidade/plf-es-2023-1-ti4-0658100-classificador-de-doencas-periodontais/Codigo/backend/src/modules/Security.ts": {"path":"/Users/matheus/Library/Mobile Documents/com~apple~CloudDocs/PUC/Aplicações para Sustentabilidade/plf-es-2023-1-ti4-0658100-classificador-de-doencas-periodontais/Codigo/backend/src/modules/Security.ts","statementMap":{"0":{"start":{"line":2,"column":0},"end":{"line":2,"column":62}},"1":{"start":{"line":3,"column":0},"end":{"line":3,"column":26}},"2":{"start":{"line":4,"column":0},"end":{"line":4,"column":25}},"3":{"start":{"line":5,"column":15},"end":{"line":5,"column":32}},"4":{"start":{"line":6,"column":23},"end":{"line":6,"column":46}},"5":{"start":{"line":7,"column":18},"end":{"line":7,"column":31}},"6":{"start":{"line":8,"column":18},"end":{"line":8,"column":20}},"7":{"start":{"line":9,"column":20},"end":{"line":9,"column":22}},"8":{"start":{"line":10,"column":19},"end":{"line":10,"column":21}},"9":{"start":{"line":11,"column":21},"end":{"line":11,"column":44}},"10":{"start":{"line":12,"column":27},"end":{"line":12,"column":52}},"11":{"start":{"line":16,"column":8},"end":{"line":16,"column":88}},"12":{"start":{"line":19,"column":19},"end":{"line":19,"column":48}},"13":{"start":{"line":20,"column":21},"end":{"line":20,"column":52}},"14":{"start":{"line":21,"column":20},"end":{"line":21,"column":37}},"15":{"start":{"line":22,"column":23},"end":{"line":22,"column":64}},"16":{"start":{"line":23,"column":26},"end":{"line":26,"column":10}},"17":{"start":{"line":27,"column":20},"end":{"line":27,"column":39}},"18":{"start":{"line":28,"column":8},"end":{"line":28,"column":76}},"19":{"start":{"line":31,"column":28},"end":{"line":31,"column":69}},"20":{"start":{"line":32,"column":21},"end":{"line":32,"column":54}},"21":{"start":{"line":33,"column":19},"end":{"line":33,"column":63}},"22":{"start":{"line":34,"column":20},"end":{"line":34,"column":71}},"23":{"start":{"line":35,"column":26},"end":{"line":35,"column":63}},"24":{"start":{"line":36,"column":20},"end":{"line":36,"column":37}},"25":{"start":{"line":37,"column":25},"end":{"line":37,"column":68}},"26":{"start":{"line":38,"column":8},"end":{"line":38,"column":33}},"27":{"start":{"line":39,"column":8},"end":{"line":39,"column":67}},"28":{"start":{"line":42,"column":27},"end":{"line":42,"column":37}},"29":{"start":{"line":43,"column":8},"end":{"line":43,"column":55}},"30":{"start":{"line":44,"column":8},"end":{"line":50,"column":38}},"31":{"start":{"line":53,"column":25},"end":{"line":53,"column":92}},"32":{"start":{"line":54,"column":8},"end":{"line":54,"column":24}},"33":{"start":{"line":57,"column":0},"end":{"line":57,"column":28}}},"fnMap":{"0":{"name":"(anonymous_0)","decl":{"start":{"line":14,"column":4},"end":{"line":14,"column":5}},"loc":{"start":{"line":14,"column":24},"end":{"line":17,"column":5}},"line":14},"1":{"name":"(anonymous_1)","decl":{"start":{"line":18,"column":4},"end":{"line":18,"column":5}},"loc":{"start":{"line":18,"column":33},"end":{"line":29,"column":5}},"line":18},"2":{"name":"(anonymous_2)","decl":{"start":{"line":30,"column":4},"end":{"line":30,"column":5}},"loc":{"start":{"line":30,"column":34},"end":{"line":40,"column":5}},"line":30},"3":{"name":"(anonymous_3)","decl":{"start":{"line":41,"column":4},"end":{"line":41,"column":5}},"loc":{"start":{"line":41,"column":32},"end":{"line":51,"column":5}},"line":41},"4":{"name":"(anonymous_4)","decl":{"start":{"line":52,"column":4},"end":{"line":52,"column":5}},"loc":{"start":{"line":52,"column":36},"end":{"line":55,"column":5}},"line":52}},"branchMap":{},"s":{"0":1,"1":1,"2":1,"3":1,"4":1,"5":1,"6":1,"7":1,"8":1,"9":1,"10":1,"11":6,"12":2,"13":2,"14":2,"15":2,"16":2,"17":2,"18":2,"19":4,"20":4,"21":4,"22":4,"23":4,"24":4,"25":4,"26":4,"27":4,"28":4,"29":4,"30":4,"31":1,"32":1,"33":1},"f":{"0":6,"1":2,"2":4,"3":4,"4":1},"b":{},"_coverageSchema":"1a1c01bbd47fc00a2c39e90264f33305004495a9","hash":"34b38ba20492148ff8d2e0b21c1acc8fce9c137a"}
,"/Users/matheus/Library/Mobile Documents/com~apple~CloudDocs/PUC/Aplicações para Sustentabilidade/plf-es-2023-1-ti4-0658100-classificador-de-doencas-periodontais/Codigo/backend/src/modules/Utils.ts": {"path":"/Users/matheus/Library/Mobile Documents/com~apple~CloudDocs/PUC/Aplicações para Sustentabilidade/plf-es-2023-1-ti4-0658100-classificador-de-doencas-periodontais/Codigo/backend/src/modules/Utils.ts","statementMap":{"0":{"start":{"line":2,"column":0},"end":{"line":2,"column":62}},"1":{"start":{"line":3,"column":0},"end":{"line":3,"column":73}},"2":{"start":{"line":4,"column":20},"end":{"line":4,"column":49}},"3":{"start":{"line":5,"column":23},"end":{"line":7,"column":1}},"4":{"start":{"line":9,"column":17},"end":{"line":9,"column":41}},"5":{"start":{"line":10,"column":17},"end":{"line":10,"column":35}},"6":{"start":{"line":11,"column":4},"end":{"line":13,"column":5}},"7":{"start":{"line":12,"column":8},"end":{"line":12,"column":58}},"8":{"start":{"line":14,"column":27},"end":{"line":14,"column":63}},"9":{"start":{"line":15,"column":4},"end":{"line":19,"column":5}},"10":{"start":{"line":16,"column":8},"end":{"line":18,"column":9}},"11":{"start":{"line":17,"column":12},"end":{"line":17,"column":31}},"12":{"start":{"line":20,"column":4},"end":{"line":20,"column":18}},"13":{"start":{"line":22,"column":0},"end":{"line":22,"column":36}},"14":{"start":{"line":24,"column":17},"end":{"line":24,"column":41}},"15":{"start":{"line":25,"column":4},"end":{"line":27,"column":5}},"16":{"start":{"line":26,"column":8},"end":{"line":26,"column":21}},"17":{"start":{"line":28,"column":26},"end":{"line":28,"column":27}},"18":{"start":{"line":29,"column":26},"end":{"line":29,"column":27}},"19":{"start":{"line":30,"column":4},"end":{"line":38,"column":5}},"20":{"start":{"line":31,"column":8},"end":{"line":34,"column":9}},"21":{"start":{"line":32,"column":12},"end":{"line":32,"column":30}},"22":{"start":{"line":33,"column":12},"end":{"line":33,"column":21}},"23":{"start":{"line":35,"column":8},"end":{"line":37,"column":9}},"24":{"start":{"line":36,"column":12},"end":{"line":36,"column":30}},"25":{"start":{"line":39,"column":4},"end":{"line":42,"column":5}},"26":{"start":{"line":41,"column":8},"end":{"line":41,"column":21}},"27":{"start":{"line":43,"column":4},"end":{"line":43,"column":16}},"28":{"start":{"line":45,"column":0},"end":{"line":45,"column":42}},"29":{"start":{"line":47,"column":4},"end":{"line":49,"column":5}},"30":{"start":{"line":48,"column":8},"end":{"line":48,"column":22}},"31":{"start":{"line":50,"column":4},"end":{"line":50,"column":40}},"32":{"start":{"line":51,"column":4},"end":{"line":51,"column":41}},"33":{"start":{"line":52,"column":4},"end":{"line":52,"column":40}},"34":{"start":{"line":53,"column":4},"end":{"line":53,"column":18}},"35":{"start":{"line":55,"column":0},"end":{"line":55,"column":24}}},"fnMap":{"0":{"name":"filterObject","decl":{"start":{"line":8,"column":9},"end":{"line":8,"column":21}},"loc":{"start":{"line":8,"column":52},"end":{"line":21,"column":1}},"line":8},"1":{"name":"verifyIntegrity","decl":{"start":{"line":23,"column":9},"end":{"line":23,"column":24}},"loc":{"start":{"line":23,"column":55},"end":{"line":44,"column":1}},"line":23},"2":{"name":"escape","decl":{"start":{"line":46,"column":9},"end":{"line":46,"column":15}},"loc":{"start":{"line":46,"column":24},"end":{"line":54,"column":1}},"line":46}},"branchMap":{"0":{"loc":{"start":{"line":11,"column":4},"end":{"line":13,"column":5}},"type":"if","locations":[{"start":{"line":11,"column":4},"end":{"line":13,"column":5}},{"start":{},"end":{}}],"line":11},"1":{"loc":{"start":{"line":16,"column":8},"end":{"line":18,"column":9}},"type":"if","locations":[{"start":{"line":16,"column":8},"end":{"line":18,"column":9}},{"start":{},"end":{}}],"line":16},"2":{"loc":{"start":{"line":25,"column":4},"end":{"line":27,"column":5}},"type":"if","locations":[{"start":{"line":25,"column":4},"end":{"line":27,"column":5}},{"start":{},"end":{}}],"line":25},"3":{"loc":{"start":{"line":31,"column":8},"end":{"line":34,"column":9}},"type":"if","locations":[{"start":{"line":31,"column":8},"end":{"line":34,"column":9}},{"start":{},"end":{}}],"line":31},"4":{"loc":{"start":{"line":35,"column":8},"end":{"line":37,"column":9}},"type":"if","locations":[{"start":{"line":35,"column":8},"end":{"line":37,"column":9}},{"start":{},"end":{}}],"line":35},"5":{"loc":{"start":{"line":39,"column":4},"end":{"line":42,"column":5}},"type":"if","locations":[{"start":{"line":39,"column":4},"end":{"line":42,"column":5}},{"start":{},"end":{}}],"line":39},"6":{"loc":{"start":{"line":39,"column":8},"end":{"line":40,"column":86}},"type":"binary-expr","locations":[{"start":{"line":39,"column":8},"end":{"line":39,"column":48}},{"start":{"line":40,"column":8},"end":{"line":40,"column":86}}],"line":39},"7":{"loc":{"start":{"line":47,"column":4},"end":{"line":49,"column":5}},"type":"if","locations":[{"start":{"line":47,"column":4},"end":{"line":49,"column":5}},{"start":{},"end":{}}],"line":47}},"s":{"0":1,"1":1,"2":1,"3":1,"4":0,"5":0,"6":0,"7":0,"8":0,"9":0,"10":0,"11":0,"12":0,"13":1,"14":0,"15":0,"16":0,"17":0,"18":0,"19":0,"20":0,"21":0,"22":0,"23":0,"24":0,"25":0,"26":0,"27":0,"28":1,"29":0,"30":0,"31":0,"32":0,"33":0,"34":0,"35":1},"f":{"0":0,"1":0,"2":0},"b":{"0":[0,0],"1":[0,0],"2":[0,0],"3":[0,0],"4":[0,0],"5":[0,0],"6":[0,0],"7":[0,0]},"_coverageSchema":"1a1c01bbd47fc00a2c39e90264f33305004495a9","hash":"81d579a5002161ccf9655e895384d533d0728c15"}
,"/Users/matheus/Library/Mobile Documents/com~apple~CloudDocs/PUC/Aplicações para Sustentabilidade/plf-es-2023-1-ti4-0658100-classificador-de-doencas-periodontais/Codigo/backend/src/services/AuthService.ts": {"path":"/Users/matheus/Library/Mobile Documents/com~apple~CloudDocs/PUC/Aplicações para Sustentabilidade/plf-es-2023-1-ti4-0658100-classificador-de-doencas-periodontais/Codigo/backend/src/services/AuthService.ts","statementMap":{"0":{"start":{"line":2,"column":16},"end":{"line":10,"column":1}},"1":{"start":{"line":3,"column":28},"end":{"line":3,"column":110}},"2":{"start":{"line":3,"column":91},"end":{"line":3,"column":106}},"3":{"start":{"line":4,"column":4},"end":{"line":9,"column":7}},"4":{"start":{"line":5,"column":36},"end":{"line":5,"column":97}},"5":{"start":{"line":5,"column":42},"end":{"line":5,"column":70}},"6":{"start":{"line":5,"column":85},"end":{"line":5,"column":95}},"7":{"start":{"line":6,"column":35},"end":{"line":6,"column":100}},"8":{"start":{"line":6,"column":41},"end":{"line":6,"column":73}},"9":{"start":{"line":6,"column":88},"end":{"line":6,"column":98}},"10":{"start":{"line":7,"column":32},"end":{"line":7,"column":116}},"11":{"start":{"line":8,"column":8},"end":{"line":8,"column":78}},"12":{"start":{"line":12,"column":0},"end":{"line":12,"column":62}},"13":{"start":{"line":13,"column":19},"end":{"line":13,"column":49}},"14":{"start":{"line":14,"column":20},"end":{"line":14,"column":49}},"15":{"start":{"line":15,"column":19},"end":{"line":15,"column":49}},"16":{"start":{"line":16,"column":25},"end":{"line":16,"column":43}},"17":{"start":{"line":19,"column":0},"end":{"line":19,"column":17}},"18":{"start":{"line":20,"column":0},"end":{"line":39,"column":3}},"19":{"start":{"line":20,"column":45},"end":{"line":39,"column":2}},"20":{"start":{"line":21,"column":18},"end":{"line":21,"column":63}},"21":{"start":{"line":22,"column":17},"end":{"line":22,"column":47}},"22":{"start":{"line":23,"column":4},"end":{"line":25,"column":5}},"23":{"start":{"line":24,"column":8},"end":{"line":24,"column":64}},"24":{"start":{"line":26,"column":21},"end":{"line":26,"column":55}},"25":{"start":{"line":27,"column":4},"end":{"line":38,"column":5}},"26":{"start":{"line":28,"column":8},"end":{"line":34,"column":10}},"27":{"start":{"line":37,"column":8},"end":{"line":37,"column":59}},"28":{"start":{"line":40,"column":0},"end":{"line":51,"column":3}},"29":{"start":{"line":40,"column":45},"end":{"line":51,"column":2}},"30":{"start":{"line":41,"column":4},"end":{"line":50,"column":5}},"31":{"start":{"line":42,"column":25},"end":{"line":42,"column":69}},"32":{"start":{"line":43,"column":8},"end":{"line":46,"column":9}},"33":{"start":{"line":44,"column":12},"end":{"line":44,"column":98}},"34":{"start":{"line":45,"column":12},"end":{"line":45,"column":70}},"35":{"start":{"line":49,"column":8},"end":{"line":49,"column":20}},"36":{"start":{"line":52,"column":0},"end":{"line":65,"column":2}},"37":{"start":{"line":53,"column":4},"end":{"line":59,"column":5}},"38":{"start":{"line":58,"column":8},"end":{"line":58,"column":58}},"39":{"start":{"line":60,"column":16},"end":{"line":60,"column":26}},"40":{"start":{"line":61,"column":4},"end":{"line":63,"column":5}},"41":{"start":{"line":62,"column":8},"end":{"line":62,"column":58}},"42":{"start":{"line":64,"column":4},"end":{"line":64,"column":16}},"43":{"start":{"line":66,"column":0},"end":{"line":66,"column":30}}},"fnMap":{"0":{"name":"(anonymous_0)","decl":{"start":{"line":2,"column":44},"end":{"line":2,"column":45}},"loc":{"start":{"line":2,"column":89},"end":{"line":10,"column":1}},"line":2},"1":{"name":"adopt","decl":{"start":{"line":3,"column":13},"end":{"line":3,"column":18}},"loc":{"start":{"line":3,"column":26},"end":{"line":3,"column":112}},"line":3},"2":{"name":"(anonymous_2)","decl":{"start":{"line":3,"column":70},"end":{"line":3,"column":71}},"loc":{"start":{"line":3,"column":89},"end":{"line":3,"column":108}},"line":3},"3":{"name":"(anonymous_3)","decl":{"start":{"line":4,"column":36},"end":{"line":4,"column":37}},"loc":{"start":{"line":4,"column":63},"end":{"line":9,"column":5}},"line":4},"4":{"name":"fulfilled","decl":{"start":{"line":5,"column":17},"end":{"line":5,"column":26}},"loc":{"start":{"line":5,"column":34},"end":{"line":5,"column":99}},"line":5},"5":{"name":"rejected","decl":{"start":{"line":6,"column":17},"end":{"line":6,"column":25}},"loc":{"start":{"line":6,"column":33},"end":{"line":6,"column":102}},"line":6},"6":{"name":"step","decl":{"start":{"line":7,"column":17},"end":{"line":7,"column":21}},"loc":{"start":{"line":7,"column":30},"end":{"line":7,"column":118}},"line":7},"7":{"name":"(anonymous_7)","decl":{"start":{"line":20,"column":24},"end":{"line":20,"column":25}},"loc":{"start":{"line":20,"column":45},"end":{"line":39,"column":2}},"line":20},"8":{"name":"(anonymous_8)","decl":{"start":{"line":20,"column":79},"end":{"line":20,"column":80}},"loc":{"start":{"line":20,"column":92},"end":{"line":39,"column":1}},"line":20},"9":{"name":"(anonymous_9)","decl":{"start":{"line":40,"column":27},"end":{"line":40,"column":28}},"loc":{"start":{"line":40,"column":45},"end":{"line":51,"column":2}},"line":40},"10":{"name":"(anonymous_10)","decl":{"start":{"line":40,"column":79},"end":{"line":40,"column":80}},"loc":{"start":{"line":40,"column":92},"end":{"line":51,"column":1}},"line":40},"11":{"name":"(anonymous_11)","decl":{"start":{"line":52,"column":27},"end":{"line":52,"column":28}},"loc":{"start":{"line":52,"column":41},"end":{"line":65,"column":1}},"line":52}},"branchMap":{"0":{"loc":{"start":{"line":2,"column":16},"end":{"line":10,"column":1}},"type":"binary-expr","locations":[{"start":{"line":2,"column":17},"end":{"line":2,"column":21}},{"start":{"line":2,"column":25},"end":{"line":2,"column":39}},{"start":{"line":2,"column":44},"end":{"line":10,"column":1}}],"line":2},"1":{"loc":{"start":{"line":3,"column":35},"end":{"line":3,"column":109}},"type":"cond-expr","locations":[{"start":{"line":3,"column":56},"end":{"line":3,"column":61}},{"start":{"line":3,"column":64},"end":{"line":3,"column":109}}],"line":3},"2":{"loc":{"start":{"line":4,"column":16},"end":{"line":4,"column":34}},"type":"binary-expr","locations":[{"start":{"line":4,"column":16},"end":{"line":4,"column":17}},{"start":{"line":4,"column":22},"end":{"line":4,"column":33}}],"line":4},"3":{"loc":{"start":{"line":7,"column":32},"end":{"line":7,"column":115}},"type":"cond-expr","locations":[{"start":{"line":7,"column":46},"end":{"line":7,"column":67}},{"start":{"line":7,"column":70},"end":{"line":7,"column":115}}],"line":7},"4":{"loc":{"start":{"line":8,"column":51},"end":{"line":8,"column":67}},"type":"binary-expr","locations":[{"start":{"line":8,"column":51},"end":{"line":8,"column":61}},{"start":{"line":8,"column":65},"end":{"line":8,"column":67}}],"line":8},"5":{"loc":{"start":{"line":23,"column":4},"end":{"line":25,"column":5}},"type":"if","locations":[{"start":{"line":23,"column":4},"end":{"line":25,"column":5}},{"start":{},"end":{}}],"line":23},"6":{"loc":{"start":{"line":27,"column":4},"end":{"line":38,"column":5}},"type":"if","locations":[{"start":{"line":27,"column":4},"end":{"line":38,"column":5}},{"start":{"line":36,"column":9},"end":{"line":38,"column":5}}],"line":27},"7":{"loc":{"start":{"line":43,"column":8},"end":{"line":46,"column":9}},"type":"if","locations":[{"start":{"line":43,"column":8},"end":{"line":46,"column":9}},{"start":{},"end":{}}],"line":43},"8":{"loc":{"start":{"line":53,"column":4},"end":{"line":59,"column":5}},"type":"if","locations":[{"start":{"line":53,"column":4},"end":{"line":59,"column":5}},{"start":{},"end":{}}],"line":53},"9":{"loc":{"start":{"line":53,"column":8},"end":{"line":57,"column":23}},"type":"binary-expr","locations":[{"start":{"line":53,"column":8},"end":{"line":53,"column":26}},{"start":{"line":54,"column":8},"end":{"line":54,"column":23}},{"start":{"line":55,"column":8},"end":{"line":55,"column":26}},{"start":{"line":56,"column":8},"end":{"line":56,"column":24}},{"start":{"line":57,"column":8},"end":{"line":57,"column":23}}],"line":53},"10":{"loc":{"start":{"line":61,"column":4},"end":{"line":63,"column":5}},"type":"if","locations":[{"start":{"line":61,"column":4},"end":{"line":63,"column":5}},{"start":{},"end":{}}],"line":61}},"s":{"0":1,"1":5,"2":0,"3":5,"4":5,"5":5,"6":2,"7":0,"8":0,"9":0,"10":8,"11":5,"12":1,"13":1,"14":1,"15":1,"16":1,"17":1,"18":1,"19":4,"20":4,"21":4,"22":4,"23":1,"24":3,"25":3,"26":2,"27":1,"28":1,"29":1,"30":1,"31":1,"32":1,"33":1,"34":1,"35":0,"36":1,"37":1,"38":0,"39":1,"40":1,"41":0,"42":1,"43":1},"f":{"0":5,"1":5,"2":0,"3":5,"4":5,"5":0,"6":8,"7":4,"8":4,"9":1,"10":1,"11":1},"b":{"0":[1,1,1],"1":[5,0],"2":[5,5],"3":[3,5],"4":[5,5],"5":[1,3],"6":[2,1],"7":[1,0],"8":[0,1],"9":[1,1,1,1,1],"10":[0,1]},"_coverageSchema":"1a1c01bbd47fc00a2c39e90264f33305004495a9","hash":"0b04dc5f6891c935554c83c43e13e08e2bfa0c6b"}
,"/Users/matheus/Library/Mobile Documents/com~apple~CloudDocs/PUC/Aplicações para Sustentabilidade/plf-es-2023-1-ti4-0658100-classificador-de-doencas-periodontais/Codigo/backend/src/views/QueryBuildView.ts": {"path":"/Users/matheus/Library/Mobile Documents/com~apple~CloudDocs/PUC/Aplicações para Sustentabilidade/plf-es-2023-1-ti4-0658100-classificador-de-doencas-periodontais/Codigo/backend/src/views/QueryBuildView.ts","statementMap":{"0":{"start":{"line":2,"column":0},"end":{"line":2,"column":62}},"1":{"start":{"line":3,"column":0},"end":{"line":3,"column":50}},"2":{"start":{"line":5,"column":0},"end":{"line":10,"column":65}},"3":{"start":{"line":6,"column":4},"end":{"line":6,"column":36}},"4":{"start":{"line":7,"column":4},"end":{"line":7,"column":36}},"5":{"start":{"line":8,"column":4},"end":{"line":8,"column":36}},"6":{"start":{"line":9,"column":4},"end":{"line":9,"column":36}},"7":{"start":{"line":12,"column":0},"end":{"line":14,"column":68}},"8":{"start":{"line":13,"column":4},"end":{"line":13,"column":35}}},"fnMap":{"0":{"name":"(anonymous_0)","decl":{"start":{"line":5,"column":1},"end":{"line":5,"column":2}},"loc":{"start":{"line":5,"column":23},"end":{"line":10,"column":1}},"line":5},"1":{"name":"(anonymous_1)","decl":{"start":{"line":12,"column":1},"end":{"line":12,"column":2}},"loc":{"start":{"line":12,"column":24},"end":{"line":14,"column":1}},"line":12}},"branchMap":{"0":{"loc":{"start":{"line":10,"column":16},"end":{"line":10,"column":63}},"type":"binary-expr","locations":[{"start":{"line":10,"column":16},"end":{"line":10,"column":34}},{"start":{"line":10,"column":39},"end":{"line":10,"column":62}}],"line":10},"1":{"loc":{"start":{"line":14,"column":17},"end":{"line":14,"column":66}},"type":"binary-expr","locations":[{"start":{"line":14,"column":17},"end":{"line":14,"column":36}},{"start":{"line":14,"column":41},"end":{"line":14,"column":65}}],"line":14}},"s":{"0":1,"1":1,"2":1,"3":1,"4":1,"5":1,"6":1,"7":1,"8":1},"f":{"0":1,"1":1},"b":{"0":[1,1],"1":[1,1]},"_coverageSchema":"1a1c01bbd47fc00a2c39e90264f33305004495a9","hash":"e1f00d76bf8321518e7270d867aecb1be41932cc"}
,"/Users/matheus/Library/Mobile Documents/com~apple~CloudDocs/PUC/Aplicações para Sustentabilidade/plf-es-2023-1-ti4-0658100-classificador-de-doencas-periodontais/Codigo/backend/src/views/UsersView.ts": {"path":"/Users/matheus/Library/Mobile Documents/com~apple~CloudDocs/PUC/Aplicações para Sustentabilidade/plf-es-2023-1-ti4-0658100-classificador-de-doencas-periodontais/Codigo/backend/src/views/UsersView.ts","statementMap":{"0":{"start":{"line":2,"column":0},"end":{"line":2,"column":62}},"1":{"start":{"line":3,"column":0},"end":{"line":3,"column":55}},"2":{"start":{"line":5,"column":4},"end":{"line":14,"column":6}},"3":{"start":{"line":16,"column":0},"end":{"line":16,"column":34}},"4":{"start":{"line":18,"column":4},"end":{"line":27,"column":6}},"5":{"start":{"line":29,"column":0},"end":{"line":29,"column":42}}},"fnMap":{"0":{"name":"processUser","decl":{"start":{"line":4,"column":9},"end":{"line":4,"column":20}},"loc":{"start":{"line":4,"column":26},"end":{"line":15,"column":1}},"line":4},"1":{"name":"UsersProperties","decl":{"start":{"line":17,"column":9},"end":{"line":17,"column":24}},"loc":{"start":{"line":17,"column":27},"end":{"line":28,"column":1}},"line":17}},"branchMap":{},"s":{"0":1,"1":1,"2":4,"3":1,"4":1,"5":1},"f":{"0":4,"1":1},"b":{},"_coverageSchema":"1a1c01bbd47fc00a2c39e90264f33305004495a9","hash":"b2a7d15bcaf5bb464ab4333c2e502ee2312e1f9a"}
}
